--- Job fabrica_piensos.gms Start 10/20/22 12:33:13 40.2.0 6cf3fb9c LEX-LEG x86 64bit/Linux
--- Applying:
    /opt/GAMS/gams40.2_linux_x64_64_sfx/gmsprmun.txt
--- GAMS Parameters defined
    Input /home/embid/Desktop/class/mog/modelos-operativos-gestion/ejercicios/gams/fabrica_piensos.gms
    PageSize 0
    ScrDir /home/embid/Desktop/class/mog/modelos-operativos-gestion/ejercicios/gams/225a/
    SysDir /opt/GAMS/gams40.2_linux_x64_64_sfx/
    LogOption 3
    ErrMsg 1
    ErrorLog 99
    IDE 1
    LstTitleLeftAligned 1
Licensee: GAMS Demo license for Juan Embid               G220915|0002CO-GEN
          Universidad Complutense de Madrid, Spain                 DL073690
          /opt/GAMS/gams40.2_linux_x64_64_sfx/gamslice.txt
          jembid@ucm.es, Juan Embid                                        
          Demo license for demonstration and instructional purposes only
Processor information: 1 socket(s), 4 core(s), and 8 thread(s) available
GAMS 40.2.0   Copyright (C) 1987-2022 GAMS Development. All rights reserved
--- Starting compilation
--- fabrica_piensos.gms(55) 3 Mb 1 Error
*** Error 149 in /home/embid/Desktop/class/mog/modelos-operativos-gestion/ejercicios/gams/fabrica_piensos.gms
    Uncontrolled set entered as constant
--- fabrica_piensos.gms(56) 3 Mb 2 Errors
*** Error 149 in /home/embid/Desktop/class/mog/modelos-operativos-gestion/ejercicios/gams/fabrica_piensos.gms
    Uncontrolled set entered as constant
--- fabrica_piensos.gms(57) 3 Mb 6 Errors
*** Error 143 in /home/embid/Desktop/class/mog/modelos-operativos-gestion/ejercicios/gams/fabrica_piensos.gms
    A suffix is missing
*** Error 145 in /home/embid/Desktop/class/mog/modelos-operativos-gestion/ejercicios/gams/fabrica_piensos.gms
    Set identifier or quoted element expected
*** Error 143 in /home/embid/Desktop/class/mog/modelos-operativos-gestion/ejercicios/gams/fabrica_piensos.gms
    A suffix is missing
*** Error 145 in /home/embid/Desktop/class/mog/modelos-operativos-gestion/ejercicios/gams/fabrica_piensos.gms
    Set identifier or quoted element expected
--- fabrica_piensos.gms(58) 3 Mb 10 Errors
*** Error 143 in /home/embid/Desktop/class/mog/modelos-operativos-gestion/ejercicios/gams/fabrica_piensos.gms
    A suffix is missing
*** Error 145 in /home/embid/Desktop/class/mog/modelos-operativos-gestion/ejercicios/gams/fabrica_piensos.gms
    Set identifier or quoted element expected
*** Error 143 in /home/embid/Desktop/class/mog/modelos-operativos-gestion/ejercicios/gams/fabrica_piensos.gms
    A suffix is missing
*** Error 145 in /home/embid/Desktop/class/mog/modelos-operativos-gestion/ejercicios/gams/fabrica_piensos.gms
    Set identifier or quoted element expected
--- fabrica_piensos.gms(59) 3 Mb 14 Errors
*** Error 143 in /home/embid/Desktop/class/mog/modelos-operativos-gestion/ejercicios/gams/fabrica_piensos.gms
    A suffix is missing
*** Error 145 in /home/embid/Desktop/class/mog/modelos-operativos-gestion/ejercicios/gams/fabrica_piensos.gms
    Set identifier or quoted element expected
*** Error 143 in /home/embid/Desktop/class/mog/modelos-operativos-gestion/ejercicios/gams/fabrica_piensos.gms
    A suffix is missing
*** Error 145 in /home/embid/Desktop/class/mog/modelos-operativos-gestion/ejercicios/gams/fabrica_piensos.gms
    Set identifier or quoted element expected
--- fabrica_piensos.gms(63) 3 Mb 19 Errors
*** Error 143 in /home/embid/Desktop/class/mog/modelos-operativos-gestion/ejercicios/gams/fabrica_piensos.gms
    A suffix is missing
*** Error 143 in /home/embid/Desktop/class/mog/modelos-operativos-gestion/ejercicios/gams/fabrica_piensos.gms
    A suffix is missing
*** Error 143 in /home/embid/Desktop/class/mog/modelos-operativos-gestion/ejercicios/gams/fabrica_piensos.gms
    A suffix is missing
*** Error 143 in /home/embid/Desktop/class/mog/modelos-operativos-gestion/ejercicios/gams/fabrica_piensos.gms
    A suffix is missing
*** Error 143 in /home/embid/Desktop/class/mog/modelos-operativos-gestion/ejercicios/gams/fabrica_piensos.gms
    A suffix is missing
--- fabrica_piensos.gms(70) 3 Mb 20 Errors
*** Error 257 in /home/embid/Desktop/class/mog/modelos-operativos-gestion/ejercicios/gams/fabrica_piensos.gms
    Solve statement not checked because of previous errors
--- fabrica_piensos.gms(70) 3 Mb 20 Errors
*** Status: Compilation error(s)
--- Job fabrica_piensos.gms Stop 10/20/22 12:33:13 elapsed 0:00:00.022
